{"contracts\\Lock.sol":{"l":{"8":0,"19":2,"20":1,"21":1,"25":5,"26":4,"28":3,"30":3},"path":"C:\\Users\\Casper\\OneDrive\\Desktop\\Easylaunch\\contracts\\Lock.sol","s":{"1":0,"2":2,"3":5,"4":4,"5":3,"6":3},"b":{"1":[1,1],"2":[4,1],"3":[3,1]},"f":{"1":0,"2":2,"3":5},"fnMap":{"1":{"name":"constructor","line":7,"loc":{"start":{"line":7,"column":4},"end":{"line":9,"column":4}}},"2":{"name":"constructor","line":18,"loc":{"start":{"line":18,"column":4},"end":{"line":22,"column":4}}},"3":{"name":"withdraw","line":24,"loc":{"start":{"line":24,"column":4},"end":{"line":31,"column":4}}}},"statementMap":{"1":{"start":{"line":8,"column":8},"end":{"line":8,"column":60}},"2":{"start":{"line":19,"column":8},"end":{"line":19,"column":84}},"3":{"start":{"line":25,"column":8},"end":{"line":25,"column":71}},"4":{"start":{"line":26,"column":8},"end":{"line":26,"column":59}},"5":{"start":{"line":28,"column":8},"end":{"line":28,"column":63}},"6":{"start":{"line":30,"column":8},"end":{"line":30,"column":44}}},"branchMap":{"1":{"line":19,"type":"if","locations":[{"start":{"line":19,"column":8},"end":{"line":19,"column":8}},{"start":{"line":19,"column":8},"end":{"line":19,"column":8}}]},"2":{"line":25,"type":"if","locations":[{"start":{"line":25,"column":8},"end":{"line":25,"column":8}},{"start":{"line":25,"column":8},"end":{"line":25,"column":8}}]},"3":{"line":26,"type":"if","locations":[{"start":{"line":26,"column":8},"end":{"line":26,"column":8}},{"start":{"line":26,"column":8},"end":{"line":26,"column":8}}]}}},"contracts\\Token.sol":{"l":{"8":10},"path":"C:\\Users\\Casper\\OneDrive\\Desktop\\Easylaunch\\contracts\\Token.sol","s":{"1":10},"b":{},"f":{"1":10},"fnMap":{"1":{"name":"constructor","line":7,"loc":{"start":{"line":7,"column":4},"end":{"line":9,"column":4}}}},"statementMap":{"1":{"start":{"line":8,"column":8},"end":{"line":8,"column":60}}},"branchMap":{}}}