TN:
SF:C:\Users\Casper\OneDrive\Desktop\Easylaunch\contracts\Lock.sol
FN:7,constructor
FN:18,constructor
FN:24,withdraw
FNF:3
FNH:2
FNDA:0,constructor
FNDA:2,constructor
FNDA:5,withdraw
DA:8,0
DA:19,2
DA:20,1
DA:21,1
DA:25,5
DA:26,4
DA:28,3
DA:30,3
LF:8
LH:7
BRDA:19,1,0,1
BRDA:19,1,1,1
BRDA:25,2,0,4
BRDA:25,2,1,1
BRDA:26,3,0,3
BRDA:26,3,1,1
BRF:6
BRH:6
end_of_record
TN:
SF:C:\Users\Casper\OneDrive\Desktop\Easylaunch\contracts\Token.sol
FN:7,constructor
FNF:1
FNH:1
FNDA:10,constructor
DA:8,10
LF:1
LH:1
BRF:0
BRH:0
end_of_record
